<?xml version="1.0" encoding="UTF-8"?>
<testsuite name="BoardTest" tests="7" skipped="0" failures="0" errors="0" timestamp="2019-09-23T20:10:54" hostname="Stuart-PC" time="0.013">
  <properties/>
  <testcase name="moveCannotStartOutOfBounds" classname="BoardTest" time="0.011"/>
  <testcase name="canPlayBlanks" classname="BoardTest" time="0.001"/>
  <testcase name="canPlayCrossingMoves" classname="BoardTest" time="0.0"/>
  <testcase name="boardCorrectOnInit" classname="BoardTest" time="0.0"/>
  <testcase name="canPlaySimpleHorizontalMove" classname="BoardTest" time="0.0"/>
  <testcase name="moveCannotGoOutOfBounds" classname="BoardTest" time="0.0"/>
  <testcase name="canPlaySimpleVerticalMove" classname="BoardTest" time="0.0"/>
  <system-out><![CDATA[]]></system-out>
  <system-err><![CDATA[]]></system-err>
</testsuite>
